<?xml version="1.0" encoding="UTF-8"?>
<testsuite name="com.aor.numbers.ListAggregatorTest$ListAggregatorTestPublic" tests="4" skipped="0" failures="0" errors="0" timestamp="2021-03-10T10:13:47" hostname="torre" time="0.012">
  <properties/>
  <testcase name="max()" classname="com.aor.numbers.ListAggregatorTest$ListAggregatorTestPublic" time="0.004"/>
  <testcase name="min()" classname="com.aor.numbers.ListAggregatorTest$ListAggregatorTestPublic" time="0.001"/>
  <testcase name="sum()" classname="com.aor.numbers.ListAggregatorTest$ListAggregatorTestPublic" time="0.001"/>
  <testcase name="distinct()" classname="com.aor.numbers.ListAggregatorTest$ListAggregatorTestPublic" time="0.002"/>
  <system-out><![CDATA[]]></system-out>
  <system-err><![CDATA[]]></system-err>
</testsuite>
